<?xml version="1.0" encoding="UTF-8"?>
<!-- Generated by org.testng.reporters.JUnitReportReporter -->
<testsuite hostname="DCNI-1330XQV-LX" name="weatherproject.weather.weatherData" tests="3" failures="0" timestamp="18 Jan 2022 10:22:55 GMT" time="5.744" errors="0">
  <testcase name="GetWeatherDetails" time="1.415" classname="weatherproject.weather.weatherData"/>
  <testcase name="GetWeatheronCities" time="1.335" classname="weatherproject.weather.weatherData"/>
  <testcase name="GetAirQualityPostcode" time="2.994" classname="weatherproject.weather.weatherData"/>
</testsuite> <!-- weatherproject.weather.weatherData -->
